<?xml version="1.0" encoding="UTF-8"?>
<Site BuildName="(empty)"
	BuildStamp="20240812-1934-Experimental"
	Name="laser"
	Generator="ctest-3.16.3"
	CompilerName="/usr/bin/c++"
	CompilerVersion="9.4.0"
	OSName="Linux"
	Hostname="laser"
	OSRelease="5.15.0-117-generic"
	OSVersion="#127~20.04.1-Ubuntu SMP Thu Jul 11 15:36:12 UTC 2024"
	OSPlatform="x86_64"
	Is64Bits="1"
	VendorString="GenuineIntel"
	VendorID="Intel Corporation"
	FamilyID="6"
	ModelID="94"
	ProcessorCacheSize="8192"
	NumberOfLogicalCPU="8"
	NumberOfPhysicalCPU="4"
	TotalVirtualMemory="2047"
	TotalPhysicalMemory="7887"
	LogicalProcessorsPerPhysical="2"
	ProcessorClockFrequency="811.646"
	>
	<Testing>
		<StartDateTime>Aug 12 16:34 -03</StartDateTime>
		<StartTestTime>1723491242</StartTestTime>
		<TestList/>
		<EndDateTime>Aug 12 16:34 -03</EndDateTime>
		<EndTestTime>1723491242</EndTestTime>
		<ElapsedMinutes>0</ElapsedMinutes>
	</Testing>
</Site>
